<?xml version="1.0" encoding="UTF-8"?>
<!-- Generated by org.testng.reporters.JUnitXMLReporter -->
<testsuite hostname="TASSU" name="TWCTest" tests="5" failures="0" timestamp="15 Dec 2015 00:55:07 GMT" time="129.07" errors="0">
  <testcase name="varifyHeader" time="23.856" classname="com.timewarnercable.TimewarnercableTest.TS001_TC001_VerifyHeaderLinks"/>
  <testcase name="verifyInvalidLogin" time="11.091" classname="com.timewarnercable.TimewarnercableTest.TS001_TC002_VerifyInvalidLogin"/>
  <testcase name="validateCurrentZipLocation" time="61.539" classname="com.timewarnercable.TimewarnercableTest.TS001_TC003_ValidateCurrentLocation"/>
  <testcase name="validateSearch" time="18.823" classname="com.timewarnercable.TimewarnercableTest.TS001_TC004_ValidateSearchFunctionality"/>
  <testcase name="InvalidEmailLogin" time="13.619" classname="com.timewarnercable.TimewarnercableTest.TS001_TC005_ValidateInvalidEmailLogin"/>
</testsuite> <!-- TWCTest -->
