<?xml version="1.0" encoding="UTF-8"?>
<!-- Generated by org.testng.reporters.JUnitXMLReporter -->
<testsuite hostname="TASSU" name="TWCTest" tests="5" failures="0" timestamp="7 Dec 2015 03:52:59 GMT" time="218.643" errors="0">
  <testcase name="varifyHeader" time="19.644" classname="com.timewarnercable.TimewarnercableTest.TS001_TC001_VerifyHeaderLinks"/>
  <testcase name="verifyInvalidLogin" time="8.541" classname="com.timewarnercable.TimewarnercableTest.TS001_TC002_VerifyInvalidLogin"/>
  <testcase name="validateCurrentLocation" time="148.925" classname="com.timewarnercable.TimewarnercableTest.TS001_TC003_ValidateCurrentLocationZipcode"/>
  <testcase name="validateSearch" time="18.129" classname="com.timewarnercable.TimewarnercableTest.TS001_TC004_ValidateSearchFunctionality"/>
  <testcase name="InvalidEmailLogin" time="23.296" classname="com.timewarnercable.TimewarnercableTest.TS001_TC005_ValidateInvalidEmailLogin"/>
</testsuite> <!-- TWCTest -->
