<?xml version="1.0" encoding="UTF-8"?>
<testng-results skipped="0" failed="0" total="1" passed="1">
  <reporter-output>
    <line>
      <![CDATA[No Such Element Found Exception Occured on: xpath //div[@class='parsys oof-error-content']/self::div//p[2]]]>
    </line>
    <line>
      <![CDATA[No Such Element Found Exception Occured on: xpath //div[@class='parsys oof-error-content']/self::div//p[2]]]>
    </line>
    <line>
      <![CDATA[No Such Element Found Exception Occured on: xpath //div[@class='parsys oof-error-content']/self::div//p[2]]]>
    </line>
    <line>
      <![CDATA[No Such Element Found Exception Occured on: xpath //div[@class='parsys oof-error-content']/self::div//p[2]]]>
    </line>
  </reporter-output>
  <suite name="Default suite" duration-ms="96059" started-at="2015-12-15T00:38:33Z" finished-at="2015-12-15T00:40:09Z">
    <groups>
    </groups>
    <test name="Default test" duration-ms="96059" started-at="2015-12-15T00:38:33Z" finished-at="2015-12-15T00:40:09Z">
      <class name="com.timewarnercable.TimewarnercableTest.TS001_TC003_ValidateCurrentLocation">
        <test-method status="PASS" signature="setUp()[pri:0, instance:com.timewarnercable.TimewarnercableTest.TS001_TC003_ValidateCurrentLocation@13969fbe]" name="setUp" is-config="true" duration-ms="26423" started-at="2015-12-14T19:38:07Z" finished-at="2015-12-14T19:38:33Z">
          <reporter-output>
          </reporter-output>
        </test-method> <!-- setUp -->
        <test-method status="PASS" signature="validateCurrentZipLocation()[pri:0, instance:com.timewarnercable.TimewarnercableTest.TS001_TC003_ValidateCurrentLocation@13969fbe]" name="validateCurrentZipLocation" duration-ms="96013" started-at="2015-12-14T19:38:33Z" description="Validate Current Location Zipcode" finished-at="2015-12-14T19:40:09Z">
          <reporter-output>
            <line>
              <![CDATA[No Such Element Found Exception Occured on: xpath //div[@class='parsys oof-error-content']/self::div//p[2]]]>
            </line>
            <line>
              <![CDATA[No Such Element Found Exception Occured on: xpath //div[@class='parsys oof-error-content']/self::div//p[2]]]>
            </line>
            <line>
              <![CDATA[No Such Element Found Exception Occured on: xpath //div[@class='parsys oof-error-content']/self::div//p[2]]]>
            </line>
            <line>
              <![CDATA[No Such Element Found Exception Occured on: xpath //div[@class='parsys oof-error-content']/self::div//p[2]]]>
            </line>
          </reporter-output>
        </test-method> <!-- validateCurrentZipLocation -->
        <test-method status="PASS" signature="handleScreenShot(org.testng.ITestResult)[pri:0, instance:com.timewarnercable.TimewarnercableTest.TS001_TC003_ValidateCurrentLocation@13969fbe]" name="handleScreenShot" is-config="true" duration-ms="31" started-at="2015-12-14T19:40:09Z" finished-at="2015-12-14T19:40:09Z">
          <params>
            <param index="0">
              <value>
                <![CDATA[[TestResult name=validateCurrentZipLocation status=SUCCESS method=TS001_TC003_ValidateCurrentLocation.validateCurrentZipLocation()[pri:0, instance:com.timewarnercable.TimewarnercableTest.TS001_TC003_ValidateCurrentLocation@13969fbe] output=No Such Element Found Exception Occured on: xpath //div[@class='parsys oof-error-content']/self::div//p[2]]]]>
              </value>
            </param>
          </params>
          <reporter-output>
          </reporter-output>
        </test-method> <!-- handleScreenShot -->
        <test-method status="PASS" signature="tearDown()[pri:0, instance:com.timewarnercable.TimewarnercableTest.TS001_TC003_ValidateCurrentLocation@13969fbe]" name="tearDown" is-config="true" duration-ms="31" started-at="2015-12-14T19:40:09Z" finished-at="2015-12-14T19:40:10Z">
          <reporter-output>
          </reporter-output>
        </test-method> <!-- tearDown -->
      </class> <!-- com.timewarnercable.TimewarnercableTest.TS001_TC003_ValidateCurrentLocation -->
    </test> <!-- Default test -->
  </suite> <!-- Default suite -->
</testng-results>
